<?xml version="1.0" encoding="UTF-8"?>
<testng-results skipped="0" failed="0" ignored="0" total="1" passed="1">
  <reporter-output>
  </reporter-output>
  <suite name="Suite" duration-ms="4225" started-at="2021-08-16T14:35:05Z" finished-at="2021-08-16T14:35:09Z">
    <groups>
    </groups>
    <test name="Test" duration-ms="4225" started-at="2021-08-16T14:35:05Z" finished-at="2021-08-16T14:35:09Z">
      <class name="Aug16.Demo2">
        <test-method status="PASS" signature="testA()[pri:0, instance:Aug16.Demo2@6a472554]" name="testA" duration-ms="4207" started-at="2021-08-16T14:35:05Z" finished-at="2021-08-16T14:35:09Z">
          <reporter-output>
          </reporter-output>
        </test-method> <!-- testA -->
      </class> <!-- Aug16.Demo2 -->
    </test> <!-- Test -->
  </suite> <!-- Suite -->
</testng-results>
