<?xml version="1.0" encoding="UTF-8"?>
<testng-results skipped="0" failed="0" ignored="0" total="1" passed="1">
  <reporter-output>
  </reporter-output>
  <suite name="Default suite" duration-ms="649" started-at="2021-08-17T13:41:23Z" finished-at="2021-08-17T13:41:24Z">
    <groups>
    </groups>
    <test name="Default test" duration-ms="649" started-at="2021-08-17T13:41:23Z" finished-at="2021-08-17T13:41:24Z">
      <class name="Aug16.ExcelDemo">
        <test-method status="PASS" signature="testExcel()[pri:0, instance:Aug16.ExcelDemo@4c15e7fd]" name="testExcel" duration-ms="628" started-at="2021-08-17T13:41:23Z" finished-at="2021-08-17T13:41:24Z">
          <reporter-output>
          </reporter-output>
        </test-method> <!-- testExcel -->
      </class> <!-- Aug16.ExcelDemo -->
    </test> <!-- Default test -->
  </suite> <!-- Default suite -->
</testng-results>
