<?xml version="1.0" encoding="UTF-8"?>
<!-- Generated by org.testng.reporters.JUnitXMLReporter -->
<testsuite ignored="4" hostname="Suneela-MBP.local" failures="0" tests="2" name="Test" time="0.034" errors="0" timestamp="2021-08-17T17:19:06 IST">
  <testcase classname="Aug10_p2.Demo1" name="test1" time="0.005"/>
  <testcase classname="Aug10_p2.Demo2" name="test2" time="0.001"/>
  <testcase classname="Aug10_p2.BaseTest" name="@BeforeSuite beforeSuite" time="0.0">
    <ignored/>
  </testcase> <!-- @BeforeSuite beforeSuite -->
  <testcase classname="Aug10_p2.BaseTest" name="@AfterTest afterTest" time="0.0">
    <ignored/>
  </testcase> <!-- @AfterTest afterTest -->
  <testcase classname="Aug10_p2.BaseTest" name="@AfterSuite afterSuite" time="0.0">
    <ignored/>
  </testcase> <!-- @AfterSuite afterSuite -->
  <testcase classname="Aug10_p2.BaseTest" name="@BeforeTest beforeTest" time="0.0">
    <ignored/>
  </testcase> <!-- @BeforeTest beforeTest -->
</testsuite> <!-- Test -->
